{"/Users/keshav/datascience/census-geocoder/src/constant.ts": {"path":"/Users/keshav/datascience/census-geocoder/src/constant.ts","statementMap":{"0":{"start":{"line":5,"column":13},"end":{"line":5,"column":null}},"1":{"start":{"line":6,"column":13},"end":{"line":6,"column":null}},"2":{"start":{"line":12,"column":13},"end":{"line":12,"column":null}},"3":{"start":{"line":13,"column":13},"end":{"line":17,"column":null}},"4":{"start":{"line":19,"column":13},"end":{"line":19,"column":null}},"5":{"start":{"line":20,"column":13},"end":{"line":28,"column":null}}},"fnMap":{},"branchMap":{},"s":{"0":1,"1":1,"2":1,"3":1,"4":1,"5":1},"f":{},"b":{}}
,"/Users/keshav/datascience/census-geocoder/src/geocoder.ts": {"path":"/Users/keshav/datascience/census-geocoder/src/geocoder.ts","statementMap":{"0":{"start":{"line":1,"column":0},"end":{"line":1,"column":25}},"1":{"start":{"line":3,"column":0},"end":{"line":3,"column":32}},"2":{"start":{"line":16,"column":0},"end":{"line":16,"column":null}},"3":{"start":{"line":22,"column":0},"end":{"line":22,"column":null}},"4":{"start":{"line":50,"column":9},"end":{"line":50,"column":null}},"5":{"start":{"line":51,"column":9},"end":{"line":51,"column":null}},"6":{"start":{"line":60,"column":2},"end":{"line":60,"column":null}},"7":{"start":{"line":61,"column":2},"end":{"line":61,"column":null}},"8":{"start":{"line":62,"column":2},"end":{"line":62,"column":null}},"9":{"start":{"line":63,"column":2},"end":{"line":63,"column":null}},"10":{"start":{"line":64,"column":2},"end":{"line":64,"column":null}},"11":{"start":{"line":67,"column":2},"end":{"line":67,"column":null}},"12":{"start":{"line":68,"column":2},"end":{"line":68,"column":null}},"13":{"start":{"line":69,"column":2},"end":{"line":69,"column":null}},"14":{"start":{"line":79,"column":2},"end":{"line":80,"column":null}},"15":{"start":{"line":80,"column":3},"end":{"line":80,"column":null}},"16":{"start":{"line":81,"column":2},"end":{"line":82,"column":null}},"17":{"start":{"line":82,"column":3},"end":{"line":82,"column":null}},"18":{"start":{"line":85,"column":16},"end":{"line":85,"column":46}},"19":{"start":{"line":86,"column":2},"end":{"line":86,"column":null}},"20":{"start":{"line":89,"column":14},"end":{"line":95,"column":34}},"21":{"start":{"line":89,"column":38},"end":{"line":95,"column":21}},"22":{"start":{"line":110,"column":15},"end":{"line":110,"column":49}},"23":{"start":{"line":113,"column":47},"end":{"line":113,"column":49}},"24":{"start":{"line":117,"column":2},"end":{"line":162,"column":null}},"25":{"start":{"line":117,"column":15},"end":{"line":117,"column":16}},"26":{"start":{"line":118,"column":15},"end":{"line":118,"column":22}},"27":{"start":{"line":119,"column":3},"end":{"line":161,"column":null}},"28":{"start":{"line":121,"column":15},"end":{"line":121,"column":21}},"29":{"start":{"line":123,"column":22},"end":{"line":123,"column":28}},"30":{"start":{"line":126,"column":4},"end":{"line":160,"column":null}},"31":{"start":{"line":130,"column":9},"end":{"line":160,"column":null}},"32":{"start":{"line":132,"column":20},"end":{"line":132,"column":37}},"33":{"start":{"line":135,"column":42},"end":{"line":144,"column":null}},"34":{"start":{"line":147,"column":5},"end":{"line":152,"column":null}},"35":{"start":{"line":148,"column":6},"end":{"line":148,"column":null}},"36":{"start":{"line":149,"column":6},"end":{"line":149,"column":null}},"37":{"start":{"line":150,"column":6},"end":{"line":150,"column":null}},"38":{"start":{"line":151,"column":6},"end":{"line":151,"column":null}},"39":{"start":{"line":155,"column":5},"end":{"line":155,"column":null}},"40":{"start":{"line":156,"column":5},"end":{"line":156,"column":null}},"41":{"start":{"line":159,"column":9},"end":{"line":160,"column":null}},"42":{"start":{"line":160,"column":5},"end":{"line":160,"column":null}},"43":{"start":{"line":164,"column":2},"end":{"line":164,"column":null}},"44":{"start":{"line":169,"column":15},"end":{"line":169,"column":29}},"45":{"start":{"line":170,"column":2},"end":{"line":170,"column":null}},"46":{"start":{"line":171,"column":2},"end":{"line":171,"column":null}},"47":{"start":{"line":172,"column":2},"end":{"line":173,"column":null}},"48":{"start":{"line":173,"column":3},"end":{"line":173,"column":null}},"49":{"start":{"line":175,"column":14},"end":{"line":175,"column":15}},"50":{"start":{"line":175,"column":28},"end":{"line":175,"column":29}},"51":{"start":{"line":177,"column":2},"end":{"line":196,"column":26}},"52":{"start":{"line":178,"column":3},"end":{"line":194,"column":null}},"53":{"start":{"line":179,"column":17},"end":{"line":179,"column":54}},"54":{"start":{"line":186,"column":32},"end":{"line":186,"column":48}},"55":{"start":{"line":187,"column":4},"end":{"line":187,"column":null}},"56":{"start":{"line":187,"column":29},"end":{"line":187,"column":42}},"57":{"start":{"line":190,"column":4},"end":{"line":190,"column":null}},"58":{"start":{"line":191,"column":4},"end":{"line":191,"column":null}},"59":{"start":{"line":192,"column":4},"end":{"line":192,"column":null}},"60":{"start":{"line":193,"column":4},"end":{"line":193,"column":null}},"61":{"start":{"line":198,"column":2},"end":{"line":205,"column":null}},"62":{"start":{"line":209,"column":2},"end":{"line":233,"column":null}},"63":{"start":{"line":210,"column":3},"end":{"line":232,"column":null}},"64":{"start":{"line":219,"column":27},"end":{"line":219,"column":29}},"65":{"start":{"line":220,"column":4},"end":{"line":222,"column":null}},"66":{"start":{"line":221,"column":5},"end":{"line":221,"column":null}},"67":{"start":{"line":223,"column":4},"end":{"line":225,"column":null}},"68":{"start":{"line":224,"column":5},"end":{"line":224,"column":null}},"69":{"start":{"line":226,"column":4},"end":{"line":228,"column":null}},"70":{"start":{"line":227,"column":5},"end":{"line":227,"column":null}},"71":{"start":{"line":231,"column":4},"end":{"line":231,"column":null}},"72":{"start":{"line":245,"column":2},"end":{"line":248,"column":null}},"73":{"start":{"line":249,"column":2},"end":{"line":250,"column":null}},"74":{"start":{"line":250,"column":3},"end":{"line":250,"column":null}},"75":{"start":{"line":261,"column":2},"end":{"line":261,"column":null}},"76":{"start":{"line":262,"column":2},"end":{"line":262,"column":null}},"77":{"start":{"line":274,"column":2},"end":{"line":277,"column":null}},"78":{"start":{"line":280,"column":2},"end":{"line":280,"column":null}},"79":{"start":{"line":283,"column":2},"end":{"line":286,"column":null}},"80":{"start":{"line":284,"column":3},"end":{"line":284,"column":null}},"81":{"start":{"line":285,"column":3},"end":{"line":285,"column":null}},"82":{"start":{"line":295,"column":2},"end":{"line":295,"column":null}},"83":{"start":{"line":304,"column":2},"end":{"line":304,"column":null}},"84":{"start":{"line":312,"column":2},"end":{"line":313,"column":null}},"85":{"start":{"line":313,"column":3},"end":{"line":313,"column":null}},"86":{"start":{"line":314,"column":2},"end":{"line":315,"column":null}},"87":{"start":{"line":315,"column":3},"end":{"line":315,"column":null}},"88":{"start":{"line":315,"column":43},"end":{"line":315,"column":61}},"89":{"start":{"line":316,"column":2},"end":{"line":318,"column":null}},"90":{"start":{"line":317,"column":3},"end":{"line":318,"column":null}},"91":{"start":{"line":317,"column":16},"end":{"line":317,"column":17}},"92":{"start":{"line":318,"column":4},"end":{"line":318,"column":null}},"93":{"start":{"line":322,"column":2},"end":{"line":322,"column":null}},"94":{"start":{"line":330,"column":2},"end":{"line":331,"column":null}},"95":{"start":{"line":331,"column":3},"end":{"line":331,"column":null}},"96":{"start":{"line":332,"column":2},"end":{"line":332,"column":null}},"97":{"start":{"line":333,"column":2},"end":{"line":333,"column":null}},"98":{"start":{"line":341,"column":2},"end":{"line":342,"column":null}},"99":{"start":{"line":342,"column":3},"end":{"line":342,"column":null}},"100":{"start":{"line":343,"column":2},"end":{"line":343,"column":null}},"101":{"start":{"line":344,"column":2},"end":{"line":344,"column":null}},"102":{"start":{"line":352,"column":20},"end":{"line":352,"column":37}},"103":{"start":{"line":353,"column":2},"end":{"line":361,"column":null}},"104":{"start":{"line":354,"column":17},"end":{"line":354,"column":44}},"105":{"start":{"line":355,"column":3},"end":{"line":360,"column":null}},"106":{"start":{"line":356,"column":4},"end":{"line":359,"column":null}},"107":{"start":{"line":357,"column":5},"end":{"line":357,"column":null}},"108":{"start":{"line":359,"column":5},"end":{"line":359,"column":null}},"109":{"start":{"line":369,"column":2},"end":{"line":369,"column":null}},"110":{"start":{"line":377,"column":2},"end":{"line":377,"column":null}},"111":{"start":{"line":385,"column":20},"end":{"line":385,"column":42}},"112":{"start":{"line":386,"column":2},"end":{"line":394,"column":null}},"113":{"start":{"line":387,"column":17},"end":{"line":387,"column":44}},"114":{"start":{"line":388,"column":3},"end":{"line":393,"column":null}},"115":{"start":{"line":389,"column":4},"end":{"line":392,"column":null}},"116":{"start":{"line":390,"column":5},"end":{"line":390,"column":null}},"117":{"start":{"line":392,"column":5},"end":{"line":392,"column":null}},"118":{"start":{"line":402,"column":2},"end":{"line":402,"column":null}},"119":{"start":{"line":410,"column":2},"end":{"line":410,"column":null}},"120":{"start":{"line":418,"column":2},"end":{"line":418,"column":null}},"121":{"start":{"line":426,"column":2},"end":{"line":426,"column":null}},"122":{"start":{"line":434,"column":2},"end":{"line":434,"column":null}},"123":{"start":{"line":438,"column":2},"end":{"line":438,"column":null}},"124":{"start":{"line":35,"column":0},"end":{"line":35,"column":21}}},"fnMap":{"0":{"name":"(anonymous_8)","decl":{"start":{"line":59,"column":1},"end":{"line":59,"column":13}},"loc":{"start":{"line":59,"column":51},"end":{"line":70,"column":2}}},"1":{"name":"(anonymous_9)","decl":{"start":{"line":77,"column":7},"end":{"line":77,"column":14}},"loc":{"start":{"line":77,"column":33},"end":{"line":165,"column":null}}},"2":{"name":"(anonymous_11)","decl":{"start":{"line":89,"column":24},"end":{"line":89,"column":25}},"loc":{"start":{"line":89,"column":38},"end":{"line":95,"column":21}}},"3":{"name":"(anonymous_12)","decl":{"start":{"line":167,"column":7},"end":{"line":167,"column":18}},"loc":{"start":{"line":167,"column":55},"end":{"line":206,"column":null}}},"4":{"name":"(anonymous_14)","decl":{"start":{"line":187,"column":20},"end":{"line":187,"column":21}},"loc":{"start":{"line":187,"column":29},"end":{"line":187,"column":42}}},"5":{"name":"(anonymous_15)","decl":{"start":{"line":208,"column":1},"end":{"line":208,"column":7}},"loc":{"start":{"line":208,"column":53},"end":{"line":234,"column":null}}},"6":{"name":"(anonymous_17)","decl":{"start":{"line":209,"column":21},"end":{"line":209,"column":22}},"loc":{"start":{"line":209,"column":41},"end":{"line":233,"column":3}}},"7":{"name":"(anonymous_18)","decl":{"start":{"line":218,"column":6},"end":{"line":218,"column":7}},"loc":{"start":{"line":218,"column":19},"end":{"line":229,"column":4}}},"8":{"name":"(anonymous_19)","decl":{"start":{"line":220,"column":24},"end":{"line":220,"column":25}},"loc":{"start":{"line":220,"column":34},"end":{"line":222,"column":5}}},"9":{"name":"(anonymous_20)","decl":{"start":{"line":223,"column":23},"end":{"line":223,"column":26}},"loc":{"start":{"line":223,"column":28},"end":{"line":225,"column":5}}},"10":{"name":"(anonymous_21)","decl":{"start":{"line":226,"column":25},"end":{"line":226,"column":26}},"loc":{"start":{"line":226,"column":35},"end":{"line":228,"column":5}}},"11":{"name":"(anonymous_22)","decl":{"start":{"line":230,"column":16},"end":{"line":230,"column":17}},"loc":{"start":{"line":230,"column":26},"end":{"line":232,"column":4}}},"12":{"name":"(anonymous_23)","decl":{"start":{"line":244,"column":1},"end":{"line":244,"column":4}},"loc":{"start":{"line":244,"column":68},"end":{"line":251,"column":2}}},"13":{"name":"(anonymous_24)","decl":{"start":{"line":260,"column":1},"end":{"line":260,"column":10}},"loc":{"start":{"line":260,"column":62},"end":{"line":263,"column":2}}},"14":{"name":"(anonymous_25)","decl":{"start":{"line":273,"column":7},"end":{"line":273,"column":15}},"loc":{"start":{"line":273,"column":83},"end":{"line":287,"column":null}}},"15":{"name":"(anonymous_27)","decl":{"start":{"line":294,"column":1},"end":{"line":294,"column":4}},"loc":{"start":{"line":294,"column":15},"end":{"line":296,"column":2}}},"16":{"name":"(anonymous_28)","decl":{"start":{"line":303,"column":1},"end":{"line":303,"column":8}},"loc":{"start":{"line":303,"column":19},"end":{"line":305,"column":2}}},"17":{"name":"(anonymous_29)","decl":{"start":{"line":311,"column":15},"end":{"line":311,"column":29}},"loc":{"start":{"line":311,"column":67},"end":{"line":319,"column":null}}},"18":{"name":"(anonymous_31)","decl":{"start":{"line":315,"column":29},"end":{"line":315,"column":30}},"loc":{"start":{"line":315,"column":43},"end":{"line":315,"column":61}}},"19":{"name":"(anonymous_32)","decl":{"start":{"line":321,"column":1},"end":{"line":321,"column":11}},"loc":{"start":{"line":321,"column":11},"end":{"line":323,"column":2}}},"20":{"name":"(anonymous_33)","decl":{"start":{"line":329,"column":1},"end":{"line":329,"column":12}},"loc":{"start":{"line":329,"column":50},"end":{"line":334,"column":2}}},"21":{"name":"(anonymous_34)","decl":{"start":{"line":340,"column":1},"end":{"line":340,"column":17}},"loc":{"start":{"line":340,"column":60},"end":{"line":345,"column":2}}},"22":{"name":"(anonymous_35)","decl":{"start":{"line":351,"column":1},"end":{"line":351,"column":14}},"loc":{"start":{"line":351,"column":52},"end":{"line":362,"column":2}}},"23":{"name":"(anonymous_36)","decl":{"start":{"line":368,"column":1},"end":{"line":368,"column":15}},"loc":{"start":{"line":368,"column":26},"end":{"line":370,"column":2}}},"24":{"name":"(anonymous_37)","decl":{"start":{"line":376,"column":1},"end":{"line":376,"column":15}},"loc":{"start":{"line":376,"column":15},"end":{"line":378,"column":2}}},"25":{"name":"(anonymous_38)","decl":{"start":{"line":384,"column":1},"end":{"line":384,"column":19}},"loc":{"start":{"line":384,"column":62},"end":{"line":395,"column":2}}},"26":{"name":"(anonymous_39)","decl":{"start":{"line":401,"column":1},"end":{"line":401,"column":20}},"loc":{"start":{"line":401,"column":31},"end":{"line":403,"column":2}}},"27":{"name":"(anonymous_40)","decl":{"start":{"line":409,"column":1},"end":{"line":409,"column":20}},"loc":{"start":{"line":409,"column":20},"end":{"line":411,"column":2}}},"28":{"name":"(anonymous_41)","decl":{"start":{"line":417,"column":1},"end":{"line":417,"column":16}},"loc":{"start":{"line":417,"column":16},"end":{"line":419,"column":2}}},"29":{"name":"(anonymous_42)","decl":{"start":{"line":425,"column":1},"end":{"line":425,"column":17}},"loc":{"start":{"line":425,"column":17},"end":{"line":427,"column":2}}},"30":{"name":"(anonymous_43)","decl":{"start":{"line":433,"column":1},"end":{"line":433,"column":13}},"loc":{"start":{"line":433,"column":13},"end":{"line":435,"column":2}}},"31":{"name":"(anonymous_44)","decl":{"start":{"line":437,"column":1},"end":{"line":437,"column":9}},"loc":{"start":{"line":437,"column":28},"end":{"line":439,"column":2}}}},"branchMap":{"0":{"loc":{"start":{"line":67,"column":19},"end":{"line":67,"column":87}},"type":"binary-expr","locations":[{"start":{"line":67,"column":19},"end":{"line":67,"column":59}},{"start":{"line":67,"column":63},"end":{"line":67,"column":87}}]},"1":{"loc":{"start":{"line":67,"column":36},"end":{"line":67,"column":58}},"type":"binary-expr","locations":[{"start":{"line":67,"column":36},"end":{"line":67,"column":45}},{"start":{"line":67,"column":49},"end":{"line":67,"column":58}}]},"2":{"loc":{"start":{"line":68,"column":19},"end":{"line":68,"column":100}},"type":"cond-expr","locations":[{"start":{"line":68,"column":32},"end":{"line":68,"column":87}},{"start":{"line":68,"column":91},"end":{"line":68,"column":100}}]},"3":{"loc":{"start":{"line":68,"column":32},"end":{"line":68,"column":87}},"type":"binary-expr","locations":[{"start":{"line":68,"column":32},"end":{"line":68,"column":59}},{"start":{"line":68,"column":63},"end":{"line":68,"column":87}}]},"4":{"loc":{"start":{"line":69,"column":39},"end":{"line":69,"column":78}},"type":"cond-expr","locations":[{"start":{"line":69,"column":51},"end":{"line":69,"column":64}},{"start":{"line":69,"column":67},"end":{"line":69,"column":78}}]},"5":{"loc":{"start":{"line":79,"column":2},"end":{"line":80,"column":null}},"type":"if","locations":[{"start":{"line":79,"column":2},"end":{"line":80,"column":null}}]},"6":{"loc":{"start":{"line":81,"column":2},"end":{"line":82,"column":null}},"type":"if","locations":[{"start":{"line":81,"column":2},"end":{"line":82,"column":null}}]},"7":{"loc":{"start":{"line":91,"column":3},"end":{"line":91,"column":52}},"type":"cond-expr","locations":[{"start":{"line":91,"column":21},"end":{"line":91,"column":47}},{"start":{"line":91,"column":50},"end":{"line":91,"column":52}}]},"8":{"loc":{"start":{"line":92,"column":3},"end":{"line":92,"column":46}},"type":"cond-expr","locations":[{"start":{"line":92,"column":18},"end":{"line":92,"column":41}},{"start":{"line":92,"column":44},"end":{"line":92,"column":46}}]},"9":{"loc":{"start":{"line":93,"column":3},"end":{"line":93,"column":48}},"type":"cond-expr","locations":[{"start":{"line":93,"column":19},"end":{"line":93,"column":43}},{"start":{"line":93,"column":46},"end":{"line":93,"column":48}}]},"10":{"loc":{"start":{"line":94,"column":3},"end":{"line":94,"column":44}},"type":"cond-expr","locations":[{"start":{"line":94,"column":17},"end":{"line":94,"column":39}},{"start":{"line":94,"column":42},"end":{"line":94,"column":44}}]},"11":{"loc":{"start":{"line":119,"column":3},"end":{"line":161,"column":null}},"type":"if","locations":[{"start":{"line":119,"column":3},"end":{"line":161,"column":null}}]},"12":{"loc":{"start":{"line":126,"column":4},"end":{"line":160,"column":null}},"type":"if","locations":[{"start":{"line":126,"column":4},"end":{"line":160,"column":null}},{"start":{"line":130,"column":9},"end":{"line":160,"column":null}}]},"13":{"loc":{"start":{"line":130,"column":9},"end":{"line":160,"column":null}},"type":"if","locations":[{"start":{"line":130,"column":9},"end":{"line":160,"column":null}},{"start":{"line":159,"column":9},"end":{"line":160,"column":null}}]},"14":{"loc":{"start":{"line":147,"column":5},"end":{"line":152,"column":null}},"type":"if","locations":[{"start":{"line":147,"column":5},"end":{"line":152,"column":null}}]},"15":{"loc":{"start":{"line":159,"column":9},"end":{"line":160,"column":null}},"type":"if","locations":[{"start":{"line":159,"column":9},"end":{"line":160,"column":null}}]},"16":{"loc":{"start":{"line":167,"column":32},"end":{"line":167,"column":55}},"type":"default-arg","locations":[{"start":{"line":167,"column":50},"end":{"line":167,"column":55}}]},"17":{"loc":{"start":{"line":172,"column":2},"end":{"line":173,"column":null}},"type":"if","locations":[{"start":{"line":172,"column":2},"end":{"line":173,"column":null}}]},"18":{"loc":{"start":{"line":249,"column":2},"end":{"line":250,"column":null}},"type":"if","locations":[{"start":{"line":249,"column":2},"end":{"line":250,"column":null}}]},"19":{"loc":{"start":{"line":283,"column":2},"end":{"line":286,"column":null}},"type":"if","locations":[{"start":{"line":283,"column":2},"end":{"line":286,"column":null}}]},"20":{"loc":{"start":{"line":312,"column":2},"end":{"line":313,"column":null}},"type":"if","locations":[{"start":{"line":312,"column":2},"end":{"line":313,"column":null}}]},"21":{"loc":{"start":{"line":314,"column":2},"end":{"line":315,"column":null}},"type":"if","locations":[{"start":{"line":314,"column":2},"end":{"line":315,"column":null}}]},"22":{"loc":{"start":{"line":316,"column":2},"end":{"line":318,"column":null}},"type":"if","locations":[{"start":{"line":316,"column":2},"end":{"line":318,"column":null}}]},"23":{"loc":{"start":{"line":330,"column":2},"end":{"line":331,"column":null}},"type":"if","locations":[{"start":{"line":330,"column":2},"end":{"line":331,"column":null}}]},"24":{"loc":{"start":{"line":341,"column":2},"end":{"line":342,"column":null}},"type":"if","locations":[{"start":{"line":341,"column":2},"end":{"line":342,"column":null}}]},"25":{"loc":{"start":{"line":353,"column":2},"end":{"line":361,"column":null}},"type":"if","locations":[{"start":{"line":353,"column":2},"end":{"line":361,"column":null}}]},"26":{"loc":{"start":{"line":355,"column":3},"end":{"line":360,"column":null}},"type":"if","locations":[{"start":{"line":355,"column":3},"end":{"line":360,"column":null}}]},"27":{"loc":{"start":{"line":356,"column":4},"end":{"line":359,"column":null}},"type":"if","locations":[{"start":{"line":356,"column":4},"end":{"line":359,"column":null}},{"start":{"line":359,"column":5},"end":{"line":359,"column":null}}]},"28":{"loc":{"start":{"line":386,"column":2},"end":{"line":394,"column":null}},"type":"if","locations":[{"start":{"line":386,"column":2},"end":{"line":394,"column":null}}]},"29":{"loc":{"start":{"line":388,"column":3},"end":{"line":393,"column":null}},"type":"if","locations":[{"start":{"line":388,"column":3},"end":{"line":393,"column":null}}]},"30":{"loc":{"start":{"line":389,"column":4},"end":{"line":392,"column":null}},"type":"if","locations":[{"start":{"line":389,"column":4},"end":{"line":392,"column":null}},{"start":{"line":392,"column":5},"end":{"line":392,"column":null}}]}},"s":{"0":1,"1":1,"2":1,"3":1,"4":6,"5":6,"6":6,"7":6,"8":6,"9":6,"10":6,"11":6,"12":6,"13":6,"14":1,"15":0,"16":1,"17":1,"18":1,"19":1,"20":1,"21":2,"22":1,"23":1,"24":1,"25":1,"26":3,"27":3,"28":2,"29":2,"30":2,"31":2,"32":2,"33":2,"34":2,"35":0,"36":0,"37":0,"38":0,"39":2,"40":2,"41":0,"42":0,"43":1,"44":1,"45":1,"46":1,"47":1,"48":0,"49":1,"50":1,"51":1,"52":1,"53":1,"54":1,"55":1,"56":3,"57":0,"58":0,"59":0,"60":0,"61":0,"62":1,"63":1,"64":1,"65":1,"66":1,"67":1,"68":1,"69":1,"70":0,"71":0,"72":2,"73":2,"74":0,"75":0,"76":0,"77":0,"78":0,"79":0,"80":0,"81":0,"82":2,"83":0,"84":2,"85":2,"86":2,"87":0,"88":0,"89":2,"90":0,"91":0,"92":0,"93":0,"94":0,"95":0,"96":0,"97":0,"98":0,"99":0,"100":0,"101":0,"102":0,"103":0,"104":0,"105":0,"106":0,"107":0,"108":0,"109":0,"110":0,"111":0,"112":0,"113":0,"114":0,"115":0,"116":0,"117":0,"118":0,"119":0,"120":1,"121":0,"122":0,"123":0,"124":1},"f":{"0":6,"1":1,"2":2,"3":1,"4":3,"5":1,"6":1,"7":1,"8":1,"9":1,"10":0,"11":0,"12":2,"13":0,"14":0,"15":2,"16":0,"17":2,"18":0,"19":0,"20":0,"21":0,"22":0,"23":0,"24":0,"25":0,"26":0,"27":0,"28":1,"29":0,"30":0,"31":0},"b":{"0":[6,0],"1":[6,2],"2":[3,3],"3":[3,0],"4":[3,3],"5":[0],"6":[1],"7":[2,0],"8":[1,1],"9":[1,1],"10":[2,0],"11":[2],"12":[0,2],"13":[2,0],"14":[0],"15":[0],"16":[0],"17":[0],"18":[0],"19":[0],"20":[2],"21":[0],"22":[0],"23":[0],"24":[0],"25":[0],"26":[0],"27":[0,0],"28":[0],"29":[0],"30":[0,0]}}
,"/Users/keshav/datascience/census-geocoder/src/index.ts": {"path":"/Users/keshav/datascience/census-geocoder/src/index.ts","statementMap":{"0":{"start":{"line":1,"column":0},"end":{"line":1,"column":7}},"1":{"start":{"line":8,"column":1},"end":{"line":1,"column":33}}},"fnMap":{},"branchMap":{},"s":{"0":1,"1":1},"f":{},"b":{}}
,"/Users/keshav/datascience/census-geocoder/src/util.ts": {"path":"/Users/keshav/datascience/census-geocoder/src/util.ts","statementMap":{"0":{"start":{"line":1,"column":14},"end":{"line":1,"column":17}},"1":{"start":{"line":2,"column":14},"end":{"line":2,"column":17}},"2":{"start":{"line":5,"column":1},"end":{"line":5,"column":null}},"3":{"start":{"line":4,"column":0},"end":{"line":4,"column":16}},"4":{"start":{"line":9,"column":30},"end":{"line":9,"column":32}},"5":{"start":{"line":10,"column":13},"end":{"line":10,"column":14}},"6":{"start":{"line":10,"column":22},"end":{"line":10,"column":23}},"7":{"start":{"line":11,"column":1},"end":{"line":33,"column":null}},"8":{"start":{"line":13,"column":2},"end":{"line":32,"column":null}},"9":{"start":{"line":14,"column":3},"end":{"line":14,"column":null}},"10":{"start":{"line":15,"column":3},"end":{"line":15,"column":null}},"11":{"start":{"line":16,"column":3},"end":{"line":22,"column":null}},"12":{"start":{"line":19,"column":4},"end":{"line":20,"column":null}},"13":{"start":{"line":20,"column":5},"end":{"line":20,"column":null}},"14":{"start":{"line":21,"column":4},"end":{"line":21,"column":null}},"15":{"start":{"line":23,"column":3},"end":{"line":23,"column":null}},"16":{"start":{"line":24,"column":3},"end":{"line":24,"column":null}},"17":{"start":{"line":25,"column":3},"end":{"line":25,"column":null}},"18":{"start":{"line":27,"column":7},"end":{"line":32,"column":null}},"19":{"start":{"line":28,"column":3},"end":{"line":28,"column":null}},"20":{"start":{"line":29,"column":3},"end":{"line":29,"column":null}},"21":{"start":{"line":30,"column":3},"end":{"line":30,"column":null}},"22":{"start":{"line":32,"column":7},"end":{"line":32,"column":null}},"23":{"start":{"line":34,"column":1},"end":{"line":36,"column":null}},"24":{"start":{"line":35,"column":2},"end":{"line":35,"column":null}},"25":{"start":{"line":37,"column":1},"end":{"line":38,"column":null}},"26":{"start":{"line":38,"column":2},"end":{"line":38,"column":null}},"27":{"start":{"line":40,"column":1},"end":{"line":40,"column":null}},"28":{"start":{"line":8,"column":0},"end":{"line":8,"column":16}},"29":{"start":{"line":44,"column":1},"end":{"line":48,"column":null}},"30":{"start":{"line":45,"column":2},"end":{"line":47,"column":null}},"31":{"start":{"line":46,"column":3},"end":{"line":46,"column":null}},"32":{"start":{"line":43,"column":0},"end":{"line":43,"column":22}}},"fnMap":{"0":{"name":"csvEscape","decl":{"start":{"line":4,"column":16},"end":{"line":4,"column":25}},"loc":{"start":{"line":4,"column":37},"end":{"line":6,"column":1}}},"1":{"name":"csvSplit","decl":{"start":{"line":8,"column":16},"end":{"line":8,"column":24}},"loc":{"start":{"line":8,"column":64},"end":{"line":41,"column":1}}},"2":{"name":"delay","decl":{"start":{"line":43,"column":22},"end":{"line":43,"column":27}},"loc":{"start":{"line":43,"column":38},"end":{"line":49,"column":null}}},"3":{"name":"(anonymous_11)","decl":{"start":{"line":44,"column":20},"end":{"line":44,"column":21}},"loc":{"start":{"line":44,"column":32},"end":{"line":48,"column":2}}},"4":{"name":"(anonymous_12)","decl":{"start":{"line":45,"column":13},"end":{"line":45,"column":16}},"loc":{"start":{"line":45,"column":18},"end":{"line":47,"column":3}}}},"branchMap":{"0":{"loc":{"start":{"line":8,"column":39},"end":{"line":8,"column":64}},"type":"default-arg","locations":[{"start":{"line":8,"column":59},"end":{"line":8,"column":64}}]},"1":{"loc":{"start":{"line":13,"column":2},"end":{"line":32,"column":null}},"type":"if","locations":[{"start":{"line":13,"column":2},"end":{"line":32,"column":null}},{"start":{"line":27,"column":7},"end":{"line":32,"column":null}}]},"2":{"loc":{"start":{"line":13,"column":6},"end":{"line":13,"column":49}},"type":"binary-expr","locations":[{"start":{"line":13,"column":6},"end":{"line":13,"column":18}},{"start":{"line":13,"column":22},"end":{"line":13,"column":49}}]},"3":{"loc":{"start":{"line":16,"column":10},"end":{"line":17,"column":66}},"type":"binary-expr","locations":[{"start":{"line":16,"column":10},"end":{"line":16,"column":35}},{"start":{"line":17,"column":7},"end":{"line":17,"column":32}},{"start":{"line":17,"column":36},"end":{"line":17,"column":65}}]},"4":{"loc":{"start":{"line":19,"column":4},"end":{"line":20,"column":null}},"type":"if","locations":[{"start":{"line":19,"column":4},"end":{"line":20,"column":null}}]},"5":{"loc":{"start":{"line":19,"column":8},"end":{"line":19,"column":66}},"type":"binary-expr","locations":[{"start":{"line":19,"column":8},"end":{"line":19,"column":33}},{"start":{"line":19,"column":37},"end":{"line":19,"column":66}}]},"6":{"loc":{"start":{"line":27,"column":7},"end":{"line":32,"column":null}},"type":"if","locations":[{"start":{"line":27,"column":7},"end":{"line":32,"column":null}},{"start":{"line":32,"column":7},"end":{"line":32,"column":null}}]},"7":{"loc":{"start":{"line":34,"column":1},"end":{"line":36,"column":null}},"type":"if","locations":[{"start":{"line":34,"column":1},"end":{"line":36,"column":null}}]},"8":{"loc":{"start":{"line":37,"column":1},"end":{"line":38,"column":null}},"type":"if","locations":[{"start":{"line":37,"column":1},"end":{"line":38,"column":null}}]}},"s":{"0":1,"1":1,"2":8,"3":1,"4":3,"5":3,"6":3,"7":3,"8":16,"9":16,"10":16,"11":16,"12":325,"13":0,"14":325,"15":16,"16":16,"17":16,"18":0,"19":0,"20":0,"21":0,"22":0,"23":3,"24":0,"25":3,"26":0,"27":3,"28":1,"29":0,"30":0,"31":0,"32":1},"f":{"0":8,"1":3,"2":0,"3":0,"4":0},"b":{"0":[3],"1":[16,0],"2":[16,16],"3":[341,16,16],"4":[0],"5":[325,0],"6":[0,0],"7":[0],"8":[0]}}
}
