{"/Users/keshav/datascience/census-geocoder/src/constant.ts": {"path":"/Users/keshav/datascience/census-geocoder/src/constant.ts","statementMap":{"0":{"start":{"line":5,"column":13},"end":{"line":5,"column":null}},"1":{"start":{"line":6,"column":13},"end":{"line":6,"column":null}},"2":{"start":{"line":12,"column":13},"end":{"line":12,"column":null}},"3":{"start":{"line":13,"column":13},"end":{"line":17,"column":null}},"4":{"start":{"line":19,"column":13},"end":{"line":19,"column":null}},"5":{"start":{"line":20,"column":13},"end":{"line":28,"column":null}}},"fnMap":{},"branchMap":{},"s":{"0":1,"1":1,"2":1,"3":1,"4":1,"5":1},"f":{},"b":{}}
,"/Users/keshav/datascience/census-geocoder/src/geocoder.ts": {"path":"/Users/keshav/datascience/census-geocoder/src/geocoder.ts","statementMap":{"0":{"start":{"line":1,"column":0},"end":{"line":1,"column":25}},"1":{"start":{"line":2,"column":0},"end":{"line":2,"column":32}},"2":{"start":{"line":15,"column":0},"end":{"line":15,"column":null}},"3":{"start":{"line":20,"column":0},"end":{"line":20,"column":null}},"4":{"start":{"line":48,"column":9},"end":{"line":48,"column":null}},"5":{"start":{"line":49,"column":9},"end":{"line":49,"column":null}},"6":{"start":{"line":58,"column":2},"end":{"line":58,"column":null}},"7":{"start":{"line":59,"column":2},"end":{"line":59,"column":null}},"8":{"start":{"line":60,"column":2},"end":{"line":60,"column":null}},"9":{"start":{"line":61,"column":2},"end":{"line":61,"column":null}},"10":{"start":{"line":62,"column":2},"end":{"line":62,"column":null}},"11":{"start":{"line":65,"column":2},"end":{"line":65,"column":null}},"12":{"start":{"line":66,"column":2},"end":{"line":66,"column":null}},"13":{"start":{"line":67,"column":2},"end":{"line":67,"column":null}},"14":{"start":{"line":77,"column":2},"end":{"line":78,"column":null}},"15":{"start":{"line":78,"column":3},"end":{"line":78,"column":null}},"16":{"start":{"line":81,"column":16},"end":{"line":81,"column":51}},"17":{"start":{"line":82,"column":2},"end":{"line":82,"column":null}},"18":{"start":{"line":85,"column":14},"end":{"line":91,"column":34}},"19":{"start":{"line":85,"column":38},"end":{"line":91,"column":21}},"20":{"start":{"line":94,"column":15},"end":{"line":94,"column":29}},"21":{"start":{"line":95,"column":2},"end":{"line":95,"column":null}},"22":{"start":{"line":96,"column":2},"end":{"line":96,"column":null}},"23":{"start":{"line":97,"column":2},"end":{"line":98,"column":null}},"24":{"start":{"line":98,"column":3},"end":{"line":98,"column":null}},"25":{"start":{"line":101,"column":19},"end":{"line":103,"column":4}},"26":{"start":{"line":106,"column":47},"end":{"line":106,"column":49}},"27":{"start":{"line":109,"column":15},"end":{"line":109,"column":58}},"28":{"start":{"line":110,"column":2},"end":{"line":155,"column":null}},"29":{"start":{"line":110,"column":15},"end":{"line":110,"column":16}},"30":{"start":{"line":111,"column":15},"end":{"line":111,"column":32}},"31":{"start":{"line":112,"column":3},"end":{"line":154,"column":null}},"32":{"start":{"line":114,"column":15},"end":{"line":114,"column":21}},"33":{"start":{"line":116,"column":22},"end":{"line":116,"column":28}},"34":{"start":{"line":119,"column":4},"end":{"line":153,"column":null}},"35":{"start":{"line":123,"column":9},"end":{"line":153,"column":null}},"36":{"start":{"line":125,"column":20},"end":{"line":125,"column":37}},"37":{"start":{"line":128,"column":42},"end":{"line":137,"column":null}},"38":{"start":{"line":140,"column":5},"end":{"line":145,"column":null}},"39":{"start":{"line":141,"column":6},"end":{"line":141,"column":null}},"40":{"start":{"line":142,"column":6},"end":{"line":142,"column":null}},"41":{"start":{"line":143,"column":6},"end":{"line":143,"column":null}},"42":{"start":{"line":144,"column":6},"end":{"line":144,"column":null}},"43":{"start":{"line":148,"column":5},"end":{"line":148,"column":null}},"44":{"start":{"line":149,"column":5},"end":{"line":149,"column":null}},"45":{"start":{"line":152,"column":9},"end":{"line":153,"column":null}},"46":{"start":{"line":153,"column":5},"end":{"line":153,"column":null}},"47":{"start":{"line":157,"column":2},"end":{"line":157,"column":null}},"48":{"start":{"line":169,"column":2},"end":{"line":172,"column":null}},"49":{"start":{"line":173,"column":2},"end":{"line":174,"column":null}},"50":{"start":{"line":174,"column":3},"end":{"line":174,"column":null}},"51":{"start":{"line":185,"column":2},"end":{"line":185,"column":null}},"52":{"start":{"line":186,"column":2},"end":{"line":186,"column":null}},"53":{"start":{"line":198,"column":2},"end":{"line":201,"column":null}},"54":{"start":{"line":204,"column":2},"end":{"line":204,"column":null}},"55":{"start":{"line":207,"column":2},"end":{"line":210,"column":null}},"56":{"start":{"line":208,"column":3},"end":{"line":208,"column":null}},"57":{"start":{"line":209,"column":3},"end":{"line":209,"column":null}},"58":{"start":{"line":219,"column":2},"end":{"line":219,"column":null}},"59":{"start":{"line":228,"column":2},"end":{"line":228,"column":null}},"60":{"start":{"line":236,"column":2},"end":{"line":237,"column":null}},"61":{"start":{"line":237,"column":3},"end":{"line":237,"column":null}},"62":{"start":{"line":238,"column":2},"end":{"line":239,"column":null}},"63":{"start":{"line":239,"column":3},"end":{"line":239,"column":null}},"64":{"start":{"line":239,"column":43},"end":{"line":239,"column":61}},"65":{"start":{"line":240,"column":2},"end":{"line":242,"column":null}},"66":{"start":{"line":241,"column":3},"end":{"line":242,"column":null}},"67":{"start":{"line":241,"column":16},"end":{"line":241,"column":17}},"68":{"start":{"line":242,"column":4},"end":{"line":242,"column":null}},"69":{"start":{"line":246,"column":2},"end":{"line":246,"column":null}},"70":{"start":{"line":254,"column":2},"end":{"line":255,"column":null}},"71":{"start":{"line":255,"column":3},"end":{"line":255,"column":null}},"72":{"start":{"line":256,"column":2},"end":{"line":256,"column":null}},"73":{"start":{"line":257,"column":2},"end":{"line":257,"column":null}},"74":{"start":{"line":265,"column":2},"end":{"line":266,"column":null}},"75":{"start":{"line":266,"column":3},"end":{"line":266,"column":null}},"76":{"start":{"line":267,"column":2},"end":{"line":267,"column":null}},"77":{"start":{"line":268,"column":2},"end":{"line":268,"column":null}},"78":{"start":{"line":276,"column":20},"end":{"line":276,"column":37}},"79":{"start":{"line":277,"column":2},"end":{"line":285,"column":null}},"80":{"start":{"line":278,"column":17},"end":{"line":278,"column":44}},"81":{"start":{"line":279,"column":3},"end":{"line":284,"column":null}},"82":{"start":{"line":280,"column":4},"end":{"line":283,"column":null}},"83":{"start":{"line":281,"column":5},"end":{"line":281,"column":null}},"84":{"start":{"line":283,"column":5},"end":{"line":283,"column":null}},"85":{"start":{"line":293,"column":2},"end":{"line":293,"column":null}},"86":{"start":{"line":301,"column":2},"end":{"line":301,"column":null}},"87":{"start":{"line":309,"column":20},"end":{"line":309,"column":42}},"88":{"start":{"line":310,"column":2},"end":{"line":318,"column":null}},"89":{"start":{"line":311,"column":17},"end":{"line":311,"column":44}},"90":{"start":{"line":312,"column":3},"end":{"line":317,"column":null}},"91":{"start":{"line":313,"column":4},"end":{"line":316,"column":null}},"92":{"start":{"line":314,"column":5},"end":{"line":314,"column":null}},"93":{"start":{"line":316,"column":5},"end":{"line":316,"column":null}},"94":{"start":{"line":326,"column":2},"end":{"line":326,"column":null}},"95":{"start":{"line":334,"column":2},"end":{"line":334,"column":null}},"96":{"start":{"line":342,"column":2},"end":{"line":342,"column":null}},"97":{"start":{"line":350,"column":2},"end":{"line":350,"column":null}},"98":{"start":{"line":358,"column":2},"end":{"line":358,"column":null}},"99":{"start":{"line":362,"column":2},"end":{"line":362,"column":null}},"100":{"start":{"line":33,"column":0},"end":{"line":33,"column":21}}},"fnMap":{"0":{"name":"(anonymous_8)","decl":{"start":{"line":57,"column":1},"end":{"line":57,"column":13}},"loc":{"start":{"line":57,"column":51},"end":{"line":68,"column":2}}},"1":{"name":"(anonymous_9)","decl":{"start":{"line":75,"column":7},"end":{"line":75,"column":14}},"loc":{"start":{"line":75,"column":14},"end":{"line":158,"column":null}}},"2":{"name":"(anonymous_11)","decl":{"start":{"line":85,"column":24},"end":{"line":85,"column":25}},"loc":{"start":{"line":85,"column":38},"end":{"line":91,"column":21}}},"3":{"name":"(anonymous_12)","decl":{"start":{"line":168,"column":1},"end":{"line":168,"column":4}},"loc":{"start":{"line":168,"column":68},"end":{"line":175,"column":2}}},"4":{"name":"(anonymous_13)","decl":{"start":{"line":184,"column":1},"end":{"line":184,"column":10}},"loc":{"start":{"line":184,"column":62},"end":{"line":187,"column":2}}},"5":{"name":"(anonymous_14)","decl":{"start":{"line":197,"column":7},"end":{"line":197,"column":15}},"loc":{"start":{"line":197,"column":83},"end":{"line":211,"column":null}}},"6":{"name":"(anonymous_16)","decl":{"start":{"line":218,"column":1},"end":{"line":218,"column":4}},"loc":{"start":{"line":218,"column":15},"end":{"line":220,"column":2}}},"7":{"name":"(anonymous_17)","decl":{"start":{"line":227,"column":1},"end":{"line":227,"column":8}},"loc":{"start":{"line":227,"column":19},"end":{"line":229,"column":2}}},"8":{"name":"(anonymous_18)","decl":{"start":{"line":235,"column":15},"end":{"line":235,"column":29}},"loc":{"start":{"line":235,"column":67},"end":{"line":243,"column":null}}},"9":{"name":"(anonymous_20)","decl":{"start":{"line":239,"column":29},"end":{"line":239,"column":30}},"loc":{"start":{"line":239,"column":43},"end":{"line":239,"column":61}}},"10":{"name":"(anonymous_21)","decl":{"start":{"line":245,"column":1},"end":{"line":245,"column":11}},"loc":{"start":{"line":245,"column":11},"end":{"line":247,"column":2}}},"11":{"name":"(anonymous_22)","decl":{"start":{"line":253,"column":1},"end":{"line":253,"column":12}},"loc":{"start":{"line":253,"column":50},"end":{"line":258,"column":2}}},"12":{"name":"(anonymous_23)","decl":{"start":{"line":264,"column":1},"end":{"line":264,"column":17}},"loc":{"start":{"line":264,"column":60},"end":{"line":269,"column":2}}},"13":{"name":"(anonymous_24)","decl":{"start":{"line":275,"column":1},"end":{"line":275,"column":14}},"loc":{"start":{"line":275,"column":52},"end":{"line":286,"column":2}}},"14":{"name":"(anonymous_25)","decl":{"start":{"line":292,"column":1},"end":{"line":292,"column":15}},"loc":{"start":{"line":292,"column":26},"end":{"line":294,"column":2}}},"15":{"name":"(anonymous_26)","decl":{"start":{"line":300,"column":1},"end":{"line":300,"column":15}},"loc":{"start":{"line":300,"column":15},"end":{"line":302,"column":2}}},"16":{"name":"(anonymous_27)","decl":{"start":{"line":308,"column":1},"end":{"line":308,"column":19}},"loc":{"start":{"line":308,"column":62},"end":{"line":319,"column":2}}},"17":{"name":"(anonymous_28)","decl":{"start":{"line":325,"column":1},"end":{"line":325,"column":20}},"loc":{"start":{"line":325,"column":31},"end":{"line":327,"column":2}}},"18":{"name":"(anonymous_29)","decl":{"start":{"line":333,"column":1},"end":{"line":333,"column":20}},"loc":{"start":{"line":333,"column":20},"end":{"line":335,"column":2}}},"19":{"name":"(anonymous_30)","decl":{"start":{"line":341,"column":1},"end":{"line":341,"column":16}},"loc":{"start":{"line":341,"column":16},"end":{"line":343,"column":2}}},"20":{"name":"(anonymous_31)","decl":{"start":{"line":349,"column":1},"end":{"line":349,"column":17}},"loc":{"start":{"line":349,"column":17},"end":{"line":351,"column":2}}},"21":{"name":"(anonymous_32)","decl":{"start":{"line":357,"column":1},"end":{"line":357,"column":13}},"loc":{"start":{"line":357,"column":13},"end":{"line":359,"column":2}}},"22":{"name":"(anonymous_33)","decl":{"start":{"line":361,"column":1},"end":{"line":361,"column":9}},"loc":{"start":{"line":361,"column":28},"end":{"line":363,"column":2}}}},"branchMap":{"0":{"loc":{"start":{"line":65,"column":19},"end":{"line":65,"column":87}},"type":"binary-expr","locations":[{"start":{"line":65,"column":19},"end":{"line":65,"column":59}},{"start":{"line":65,"column":63},"end":{"line":65,"column":87}}]},"1":{"loc":{"start":{"line":65,"column":36},"end":{"line":65,"column":58}},"type":"binary-expr","locations":[{"start":{"line":65,"column":36},"end":{"line":65,"column":45}},{"start":{"line":65,"column":49},"end":{"line":65,"column":58}}]},"2":{"loc":{"start":{"line":66,"column":19},"end":{"line":66,"column":100}},"type":"cond-expr","locations":[{"start":{"line":66,"column":32},"end":{"line":66,"column":87}},{"start":{"line":66,"column":91},"end":{"line":66,"column":100}}]},"3":{"loc":{"start":{"line":66,"column":32},"end":{"line":66,"column":87}},"type":"binary-expr","locations":[{"start":{"line":66,"column":32},"end":{"line":66,"column":59}},{"start":{"line":66,"column":63},"end":{"line":66,"column":87}}]},"4":{"loc":{"start":{"line":67,"column":39},"end":{"line":67,"column":78}},"type":"cond-expr","locations":[{"start":{"line":67,"column":51},"end":{"line":67,"column":64}},{"start":{"line":67,"column":67},"end":{"line":67,"column":78}}]},"5":{"loc":{"start":{"line":77,"column":2},"end":{"line":78,"column":null}},"type":"if","locations":[{"start":{"line":77,"column":2},"end":{"line":78,"column":null}}]},"6":{"loc":{"start":{"line":87,"column":3},"end":{"line":87,"column":52}},"type":"cond-expr","locations":[{"start":{"line":87,"column":21},"end":{"line":87,"column":47}},{"start":{"line":87,"column":50},"end":{"line":87,"column":52}}]},"7":{"loc":{"start":{"line":88,"column":3},"end":{"line":88,"column":46}},"type":"cond-expr","locations":[{"start":{"line":88,"column":18},"end":{"line":88,"column":41}},{"start":{"line":88,"column":44},"end":{"line":88,"column":46}}]},"8":{"loc":{"start":{"line":89,"column":3},"end":{"line":89,"column":48}},"type":"cond-expr","locations":[{"start":{"line":89,"column":19},"end":{"line":89,"column":43}},{"start":{"line":89,"column":46},"end":{"line":89,"column":48}}]},"9":{"loc":{"start":{"line":90,"column":3},"end":{"line":90,"column":44}},"type":"cond-expr","locations":[{"start":{"line":90,"column":17},"end":{"line":90,"column":39}},{"start":{"line":90,"column":42},"end":{"line":90,"column":44}}]},"10":{"loc":{"start":{"line":97,"column":2},"end":{"line":98,"column":null}},"type":"if","locations":[{"start":{"line":97,"column":2},"end":{"line":98,"column":null}}]},"11":{"loc":{"start":{"line":112,"column":3},"end":{"line":154,"column":null}},"type":"if","locations":[{"start":{"line":112,"column":3},"end":{"line":154,"column":null}}]},"12":{"loc":{"start":{"line":119,"column":4},"end":{"line":153,"column":null}},"type":"if","locations":[{"start":{"line":119,"column":4},"end":{"line":153,"column":null}},{"start":{"line":123,"column":9},"end":{"line":153,"column":null}}]},"13":{"loc":{"start":{"line":123,"column":9},"end":{"line":153,"column":null}},"type":"if","locations":[{"start":{"line":123,"column":9},"end":{"line":153,"column":null}},{"start":{"line":152,"column":9},"end":{"line":153,"column":null}}]},"14":{"loc":{"start":{"line":140,"column":5},"end":{"line":145,"column":null}},"type":"if","locations":[{"start":{"line":140,"column":5},"end":{"line":145,"column":null}}]},"15":{"loc":{"start":{"line":152,"column":9},"end":{"line":153,"column":null}},"type":"if","locations":[{"start":{"line":152,"column":9},"end":{"line":153,"column":null}}]},"16":{"loc":{"start":{"line":173,"column":2},"end":{"line":174,"column":null}},"type":"if","locations":[{"start":{"line":173,"column":2},"end":{"line":174,"column":null}}]},"17":{"loc":{"start":{"line":207,"column":2},"end":{"line":210,"column":null}},"type":"if","locations":[{"start":{"line":207,"column":2},"end":{"line":210,"column":null}}]},"18":{"loc":{"start":{"line":236,"column":2},"end":{"line":237,"column":null}},"type":"if","locations":[{"start":{"line":236,"column":2},"end":{"line":237,"column":null}}]},"19":{"loc":{"start":{"line":238,"column":2},"end":{"line":239,"column":null}},"type":"if","locations":[{"start":{"line":238,"column":2},"end":{"line":239,"column":null}}]},"20":{"loc":{"start":{"line":240,"column":2},"end":{"line":242,"column":null}},"type":"if","locations":[{"start":{"line":240,"column":2},"end":{"line":242,"column":null}}]},"21":{"loc":{"start":{"line":254,"column":2},"end":{"line":255,"column":null}},"type":"if","locations":[{"start":{"line":254,"column":2},"end":{"line":255,"column":null}}]},"22":{"loc":{"start":{"line":265,"column":2},"end":{"line":266,"column":null}},"type":"if","locations":[{"start":{"line":265,"column":2},"end":{"line":266,"column":null}}]},"23":{"loc":{"start":{"line":277,"column":2},"end":{"line":285,"column":null}},"type":"if","locations":[{"start":{"line":277,"column":2},"end":{"line":285,"column":null}}]},"24":{"loc":{"start":{"line":279,"column":3},"end":{"line":284,"column":null}},"type":"if","locations":[{"start":{"line":279,"column":3},"end":{"line":284,"column":null}}]},"25":{"loc":{"start":{"line":280,"column":4},"end":{"line":283,"column":null}},"type":"if","locations":[{"start":{"line":280,"column":4},"end":{"line":283,"column":null}},{"start":{"line":283,"column":5},"end":{"line":283,"column":null}}]},"26":{"loc":{"start":{"line":310,"column":2},"end":{"line":318,"column":null}},"type":"if","locations":[{"start":{"line":310,"column":2},"end":{"line":318,"column":null}}]},"27":{"loc":{"start":{"line":312,"column":3},"end":{"line":317,"column":null}},"type":"if","locations":[{"start":{"line":312,"column":3},"end":{"line":317,"column":null}}]},"28":{"loc":{"start":{"line":313,"column":4},"end":{"line":316,"column":null}},"type":"if","locations":[{"start":{"line":313,"column":4},"end":{"line":316,"column":null}},{"start":{"line":316,"column":5},"end":{"line":316,"column":null}}]}},"s":{"0":1,"1":1,"2":1,"3":1,"4":6,"5":6,"6":6,"7":6,"8":6,"9":6,"10":6,"11":6,"12":6,"13":6,"14":1,"15":0,"16":1,"17":1,"18":1,"19":2,"20":1,"21":1,"22":1,"23":1,"24":0,"25":1,"26":1,"27":1,"28":1,"29":1,"30":3,"31":3,"32":2,"33":2,"34":2,"35":2,"36":2,"37":2,"38":2,"39":0,"40":0,"41":0,"42":0,"43":2,"44":2,"45":0,"46":0,"47":1,"48":2,"49":2,"50":0,"51":0,"52":0,"53":0,"54":0,"55":0,"56":0,"57":0,"58":2,"59":0,"60":2,"61":2,"62":2,"63":0,"64":0,"65":2,"66":0,"67":0,"68":0,"69":0,"70":0,"71":0,"72":0,"73":0,"74":0,"75":0,"76":0,"77":0,"78":0,"79":0,"80":0,"81":0,"82":0,"83":0,"84":0,"85":0,"86":0,"87":0,"88":0,"89":0,"90":0,"91":0,"92":0,"93":0,"94":0,"95":0,"96":1,"97":0,"98":0,"99":0,"100":1},"f":{"0":6,"1":1,"2":2,"3":2,"4":0,"5":0,"6":2,"7":0,"8":2,"9":0,"10":0,"11":0,"12":0,"13":0,"14":0,"15":0,"16":0,"17":0,"18":0,"19":1,"20":0,"21":0,"22":0},"b":{"0":[6,0],"1":[6,2],"2":[3,3],"3":[3,0],"4":[3,3],"5":[0],"6":[2,0],"7":[1,1],"8":[1,1],"9":[2,0],"10":[0],"11":[2],"12":[0,2],"13":[2,0],"14":[0],"15":[0],"16":[0],"17":[0],"18":[2],"19":[0],"20":[0],"21":[0],"22":[0],"23":[0],"24":[0],"25":[0,0],"26":[0],"27":[0],"28":[0,0]}}
,"/Users/keshav/datascience/census-geocoder/src/index.ts": {"path":"/Users/keshav/datascience/census-geocoder/src/index.ts","statementMap":{"0":{"start":{"line":1,"column":0},"end":{"line":1,"column":7}},"1":{"start":{"line":8,"column":1},"end":{"line":1,"column":33}}},"fnMap":{},"branchMap":{},"s":{"0":1,"1":1},"f":{},"b":{}}
,"/Users/keshav/datascience/census-geocoder/src/util.ts": {"path":"/Users/keshav/datascience/census-geocoder/src/util.ts","statementMap":{"0":{"start":{"line":1,"column":14},"end":{"line":1,"column":17}},"1":{"start":{"line":2,"column":14},"end":{"line":2,"column":17}},"2":{"start":{"line":5,"column":1},"end":{"line":5,"column":null}},"3":{"start":{"line":4,"column":0},"end":{"line":4,"column":16}},"4":{"start":{"line":9,"column":30},"end":{"line":9,"column":32}},"5":{"start":{"line":10,"column":13},"end":{"line":10,"column":14}},"6":{"start":{"line":10,"column":22},"end":{"line":10,"column":23}},"7":{"start":{"line":11,"column":1},"end":{"line":33,"column":null}},"8":{"start":{"line":13,"column":2},"end":{"line":32,"column":null}},"9":{"start":{"line":14,"column":3},"end":{"line":14,"column":null}},"10":{"start":{"line":15,"column":3},"end":{"line":15,"column":null}},"11":{"start":{"line":16,"column":3},"end":{"line":22,"column":null}},"12":{"start":{"line":19,"column":4},"end":{"line":20,"column":null}},"13":{"start":{"line":20,"column":5},"end":{"line":20,"column":null}},"14":{"start":{"line":21,"column":4},"end":{"line":21,"column":null}},"15":{"start":{"line":23,"column":3},"end":{"line":23,"column":null}},"16":{"start":{"line":24,"column":3},"end":{"line":24,"column":null}},"17":{"start":{"line":25,"column":3},"end":{"line":25,"column":null}},"18":{"start":{"line":27,"column":7},"end":{"line":32,"column":null}},"19":{"start":{"line":28,"column":3},"end":{"line":28,"column":null}},"20":{"start":{"line":29,"column":3},"end":{"line":29,"column":null}},"21":{"start":{"line":30,"column":3},"end":{"line":30,"column":null}},"22":{"start":{"line":32,"column":7},"end":{"line":32,"column":null}},"23":{"start":{"line":34,"column":1},"end":{"line":36,"column":null}},"24":{"start":{"line":35,"column":2},"end":{"line":35,"column":null}},"25":{"start":{"line":37,"column":1},"end":{"line":38,"column":null}},"26":{"start":{"line":38,"column":2},"end":{"line":38,"column":null}},"27":{"start":{"line":40,"column":1},"end":{"line":40,"column":null}},"28":{"start":{"line":8,"column":0},"end":{"line":8,"column":16}}},"fnMap":{"0":{"name":"csvEscape","decl":{"start":{"line":4,"column":16},"end":{"line":4,"column":25}},"loc":{"start":{"line":4,"column":37},"end":{"line":6,"column":1}}},"1":{"name":"csvSplit","decl":{"start":{"line":8,"column":16},"end":{"line":8,"column":24}},"loc":{"start":{"line":8,"column":64},"end":{"line":41,"column":1}}}},"branchMap":{"0":{"loc":{"start":{"line":8,"column":39},"end":{"line":8,"column":64}},"type":"default-arg","locations":[{"start":{"line":8,"column":59},"end":{"line":8,"column":64}}]},"1":{"loc":{"start":{"line":13,"column":2},"end":{"line":32,"column":null}},"type":"if","locations":[{"start":{"line":13,"column":2},"end":{"line":32,"column":null}},{"start":{"line":27,"column":7},"end":{"line":32,"column":null}}]},"2":{"loc":{"start":{"line":13,"column":6},"end":{"line":13,"column":49}},"type":"binary-expr","locations":[{"start":{"line":13,"column":6},"end":{"line":13,"column":18}},{"start":{"line":13,"column":22},"end":{"line":13,"column":49}}]},"3":{"loc":{"start":{"line":16,"column":10},"end":{"line":17,"column":66}},"type":"binary-expr","locations":[{"start":{"line":16,"column":10},"end":{"line":16,"column":35}},{"start":{"line":17,"column":7},"end":{"line":17,"column":32}},{"start":{"line":17,"column":36},"end":{"line":17,"column":65}}]},"4":{"loc":{"start":{"line":19,"column":4},"end":{"line":20,"column":null}},"type":"if","locations":[{"start":{"line":19,"column":4},"end":{"line":20,"column":null}}]},"5":{"loc":{"start":{"line":19,"column":8},"end":{"line":19,"column":66}},"type":"binary-expr","locations":[{"start":{"line":19,"column":8},"end":{"line":19,"column":33}},{"start":{"line":19,"column":37},"end":{"line":19,"column":66}}]},"6":{"loc":{"start":{"line":27,"column":7},"end":{"line":32,"column":null}},"type":"if","locations":[{"start":{"line":27,"column":7},"end":{"line":32,"column":null}},{"start":{"line":32,"column":7},"end":{"line":32,"column":null}}]},"7":{"loc":{"start":{"line":34,"column":1},"end":{"line":36,"column":null}},"type":"if","locations":[{"start":{"line":34,"column":1},"end":{"line":36,"column":null}}]},"8":{"loc":{"start":{"line":37,"column":1},"end":{"line":38,"column":null}},"type":"if","locations":[{"start":{"line":37,"column":1},"end":{"line":38,"column":null}}]}},"s":{"0":1,"1":1,"2":8,"3":1,"4":3,"5":3,"6":3,"7":3,"8":16,"9":16,"10":16,"11":16,"12":291,"13":0,"14":291,"15":16,"16":16,"17":16,"18":0,"19":0,"20":0,"21":0,"22":0,"23":3,"24":0,"25":3,"26":0,"27":3,"28":1},"f":{"0":8,"1":3},"b":{"0":[3],"1":[16,0],"2":[16,16],"3":[307,16,16],"4":[0],"5":[291,0],"6":[0,0],"7":[0],"8":[0]}}
}
